<?xml version="1.0" encoding="UTF-8"?>
<!-- Generated by org.testng.reporters.JUnitReportReporter -->
<testsuite skipped="0" hostname="mominul-10662" name="tests.DemoTest" tests="1" failures="0" timestamp="2021-08-23T02:17:04 BDT" time="16.911" errors="0">
  <testcase name="test1" time="16.911" classname="tests.DemoTest"/>
  <system-out/>
</testsuite> <!-- tests.DemoTest -->
