<?xml version="1.0" encoding="UTF-8"?>
<!-- Generated by org.testng.reporters.JUnitReportReporter -->
<testsuite skipped="0" hostname="mominul-10662" name="tests.TestCurrencyConversion" tests="14" failures="0" timestamp="2021-08-30T04:12:53 BDT" time="330.532" errors="0">
  <testcase name="testBuySellFieldEmpty" time="15.201" classname="tests.TestCurrencyConversion"/>
  <system-out/>
  <testcase name="checkcurrencyupdate" time="24.951" classname="tests.TestCurrencyConversion"/>
  <system-out/>
  <testcase name="checkrateupdateforsamecurrency" time="18.813" classname="tests.TestCurrencyConversion"/>
  <system-out/>
  <testcase name="checkrateupdatefordiffcurrency" time="17.919" classname="tests.TestCurrencyConversion"/>
  <system-out/>
  <testcase name="checklossexistance" time="61.592" classname="tests.TestCurrencyConversion"/>
  <system-out/>
  <testcase name="checklosscalculation" time="9.793" classname="tests.TestCurrencyConversion"/>
  <system-out/>
  <testcase name="checkRateUpdate" time="16.692" classname="tests.TestCurrencyConversion"/>
  <system-out/>
  <testcase name="checkamountupdatetwithsellinput" time="22.796" classname="tests.TestCurrencyConversion"/>
  <system-out/>
  <testcase name="checkamountupdatetwithbuyinput" time="32.312" classname="tests.TestCurrencyConversion"/>
  <system-out/>
  <testcase name="checkrateupdatewithsellinput" time="21.699" classname="tests.TestCurrencyConversion"/>
  <system-out/>
  <testcase name="checkratestupdatewithbuyinput" time="25.876" classname="tests.TestCurrencyConversion"/>
  <system-out/>
  <testcase name="checkclearfilterbutton" time="20.159" classname="tests.TestCurrencyConversion"/>
  <system-out/>
  <testcase name="checkcurrencybuttonsvalue" time="14.402" classname="tests.TestCurrencyConversion"/>
  <system-out/>
  <testcase name="checkcurrencyresetbasedoncountry" time="28.327" classname="tests.TestCurrencyConversion"/>
  <system-out/>
</testsuite> <!-- tests.TestCurrencyConversion -->
