<?xml version="1.0" encoding="UTF-8"?>
<!-- Generated by org.testng.reporters.JUnitReportReporter -->
<testsuite skipped="0" hostname="mominul-10662" name="tests.TestCurrencyConversion" tests="1" failures="0" timestamp="2021-08-28T17:36:00 BDT" time="25.318" errors="0">
  <testcase name="checkRateUpdate" time="25.318" classname="tests.TestCurrencyConversion"/>
  <system-out/>
</testsuite> <!-- tests.TestCurrencyConversion -->
