<?xml version="1.0" encoding="UTF-8"?>
<!-- Generated by org.testng.reporters.JUnitReportReporter -->
<testsuite skipped="0" hostname="mominul-10662" name="tests.ElementsExistsCheck" tests="1" failures="0" timestamp="2021-08-30T01:47:59 BDT" time="24.167" errors="0">
  <testcase name="checkrateupdatefordiffcurrency" time="24.167" classname="tests.ElementsExistsCheck"/>
  <system-out/>
</testsuite> <!-- tests.ElementsExistsCheck -->
