<?xml version="1.0" encoding="UTF-8"?>
<!-- Generated by org.testng.reporters.JUnitReportReporter -->
<testsuite skipped="0" hostname="mominul-10662" name="tests.TestCurrencyConversion" tests="14" failures="0" timestamp="2021-08-30T03:21:46 BDT" time="334.696" errors="0">
  <testcase name="testBuySellFieldEmpty" time="15.317" classname="tests.TestCurrencyConversion"/>
  <system-out/>
  <testcase name="checkcurrencyupdate" time="23.675" classname="tests.TestCurrencyConversion"/>
  <system-out/>
  <testcase name="checkrateupdateforsamecurrency" time="16.406" classname="tests.TestCurrencyConversion"/>
  <system-out/>
  <testcase name="checkrateupdatefordiffcurrency" time="20.822" classname="tests.TestCurrencyConversion"/>
  <system-out/>
  <testcase name="checklossexistance" time="60.113" classname="tests.TestCurrencyConversion"/>
  <system-out/>
  <testcase name="checklosscalculation" time="10.330" classname="tests.TestCurrencyConversion"/>
  <system-out/>
  <testcase name="checkRateUpdate" time="17.586" classname="tests.TestCurrencyConversion"/>
  <system-out/>
  <testcase name="checkamountupdatetwithsellinput" time="24.122" classname="tests.TestCurrencyConversion"/>
  <system-out/>
  <testcase name="checkamountupdatetwithbuyinput" time="34.478" classname="tests.TestCurrencyConversion"/>
  <system-out/>
  <testcase name="checkrateupdatewithsellinput" time="21.273" classname="tests.TestCurrencyConversion"/>
  <system-out/>
  <testcase name="checkratestupdatewithbuyinput" time="24.771" classname="tests.TestCurrencyConversion"/>
  <system-out/>
  <testcase name="checkclearfilterbutton" time="20.864" classname="tests.TestCurrencyConversion"/>
  <system-out/>
  <testcase name="checkcurrencybuttonsvalue" time="14.726" classname="tests.TestCurrencyConversion"/>
  <system-out/>
  <testcase name="checkcurrencyresetbasedoncountry" time="30.213" classname="tests.TestCurrencyConversion"/>
  <system-out/>
</testsuite> <!-- tests.TestCurrencyConversion -->
